<?xml version="1.0" encoding="UTF-8"?>
<!-- Generated by org.testng.reporters.JUnitXMLReporter -->
<testsuite ignored="0" hostname="IBM-PF31MHX3" failures="0" tests="1" name="verify_Login" time="1.425" errors="0" timestamp="2024-11-30T21:22:49 IST">
  <testcase classname="testBase.BaseClass2" name="@BeforeClass setup" time="1.376">
    <failure type="java.lang.NullPointerException" message="Cannot invoke &amp;quot;com.aventstack.extentreports.ExtentTest.info(String)&amp;quot; because &amp;quot;testBase.BaseClass2.test&amp;quot; is null">
      <![CDATA[java.lang.NullPointerException: Cannot invoke "com.aventstack.extentreports.ExtentTest.info(String)" because "testBase.BaseClass2.test" is null
at testBase.BaseClass2.setup(BaseClass2.java:64)
at java.base/java.util.ArrayList.forEach(ArrayList.java:1511)
... Removed 25 stack frames]]>
    </failure>
  </testcase> <!-- @BeforeClass setup -->
  <testcase classname="testBase.BaseClass2" name="@AfterClass tearDown" time="0.0">
    <skipped/>
  </testcase> <!-- @AfterClass tearDown -->
  <testcase classname="testCases.TC02_LoginTest" name="verify_Login" time="0.0">
    <skipped/>
  </testcase> <!-- verify_Login -->
</testsuite> <!-- verify_Login -->
