<?xml version="1.0" encoding="UTF-8"?>
<testng-results ignored="0" total="1" passed="1" failed="0" skipped="0">
  <reporter-output>
  </reporter-output>
  <suite started-at="2024-12-03T16:34:43 IST" name="Suite" finished-at="2024-12-03T16:34:44 IST" duration-ms="617">
    <groups>
    </groups>
    <test started-at="2024-12-03T16:34:43 IST" name="Test" finished-at="2024-12-03T16:34:44 IST" duration-ms="617">
      <class name="testCases.TestExtentReports">
        <test-method signature="testExtent()[pri:0, instance:testCases.TestExtentReports@764faa6]" started-at="2024-12-03T16:34:43 IST" name="testExtent" finished-at="2024-12-03T16:34:44 IST" duration-ms="577" status="PASS">
          <reporter-output>
          </reporter-output>
        </test-method> <!-- testExtent -->
      </class> <!-- testCases.TestExtentReports -->
    </test> <!-- Test -->
  </suite> <!-- Suite -->
</testng-results>
